<?xml version="1.0" encoding="UTF-8"?>
<testsuite name="com.app.triflow.data.remote.mapper.EnumMappersTest" tests="16" skipped="0" failures="0" errors="0" timestamp="2026-05-25T11:46:55.856Z" hostname="mainfilippo" time="0.006">
  <properties/>
  <testcase name="quiz setup tolerance maps to wire format" classname="com.app.triflow.data.remote.mapper.EnumMappersTest" time="0.002"/>
  <testcase name="quiz main problem maps to wire format" classname="com.app.triflow.data.remote.mapper.EnumMappersTest" time="0.0"/>
  <testcase name="quiz work style maps to wire format" classname="com.app.triflow.data.remote.mapper.EnumMappersTest" time="0.0"/>
  <testcase name="para category round-trip and unknown returns null" classname="com.app.triflow.data.remote.mapper.EnumMappersTest" time="0.0"/>
  <testcase name="project status round-trip preserves all variants" classname="com.app.triflow.data.remote.mapper.EnumMappersTest" time="0.0"/>
  <testcase name="task status api wire format matches contract" classname="com.app.triflow.data.remote.mapper.EnumMappersTest" time="0.0"/>
  <testcase name="recommended method parses known and falls back to Gtd" classname="com.app.triflow.data.remote.mapper.EnumMappersTest" time="0.0"/>
  <testcase name="task status round-trip preserves all variants" classname="com.app.triflow.data.remote.mapper.EnumMappersTest" time="0.0"/>
  <testcase name="pomodoro kind wire format uses underscores" classname="com.app.triflow.data.remote.mapper.EnumMappersTest" time="0.001"/>
  <testcase name="task status falls back to Inbox on unknown string" classname="com.app.triflow.data.remote.mapper.EnumMappersTest" time="0.0"/>
  <testcase name="project status falls back to Active on unknown" classname="com.app.triflow.data.remote.mapper.EnumMappersTest" time="0.0"/>
  <testcase name="energy round-trip preserves all variants" classname="com.app.triflow.data.remote.mapper.EnumMappersTest" time="0.0"/>
  <testcase name="pomodoro session status maps known values and falls back" classname="com.app.triflow.data.remote.mapper.EnumMappersTest" time="0.0"/>
  <testcase name="pomodoro kind round-trip preserves all variants" classname="com.app.triflow.data.remote.mapper.EnumMappersTest" time="0.0"/>
  <testcase name="energy returns null on unknown or empty" classname="com.app.triflow.data.remote.mapper.EnumMappersTest" time="0.0"/>
  <testcase name="quiz goal maps to wire format" classname="com.app.triflow.data.remote.mapper.EnumMappersTest" time="0.0"/>
  <system-out><![CDATA[]]></system-out>
  <system-err><![CDATA[]]></system-err>
</testsuite>
